<?xml version="1.0" encoding="UTF-8"?>
<!-- Generated by org.testng.reporters.JUnitXMLReporter -->
<testsuite ignored="5" hostname="MP-LAP069" failures="1" tests="1" name="Default test(failed)" time="77.544" errors="0" timestamp="2020-05-19T15:22:09 IST">
  <testcase classname="iPayedAppiumFramework.dummyPackage.TestclassBase" name="unbookMarkEvent" time="12.082">
    <failure type="java.lang.NumberFormatException" message="For input string: &amp;quot;&amp;quot;">
      <![CDATA[java.lang.NumberFormatException: For input string: ""
at java.base/java.lang.NumberFormatException.forInputString(NumberFormatException.java:65)
at java.base/java.lang.Integer.parseInt(Integer.java:662)
at java.base/java.lang.Integer.parseInt(Integer.java:770)
at iPayedAppiumFramework.utility.UpcomingEventCount.getUpcomingEventCount(UpcomingEventCount.java:20)
at iPayedAppiumFramework.dummyPackage.TestclassBase.unbookMarkEvent(TestclassBase.java:173)
at java.base/java.util.ArrayList.forEach(ArrayList.java:1540)
... Removed 27 stack frames]]>
    </failure>
  </testcase> <!-- unbookMarkEvent -->
  <testcase classname="iPayedAppiumFramework.dummyPackage.TestclassBase" name="bookmarkEventCheckUpcomingEventCount" time="0.0">
    <ignored/>
  </testcase> <!-- bookmarkEventCheckUpcomingEventCount -->
  <testcase classname="iPayedAppiumFramework.dummyPackage.TestclassBase" name="giveUpYourSpot" time="0.0">
    <ignored/>
  </testcase> <!-- giveUpYourSpot -->
  <testcase classname="iPayedAppiumFramework.dummyPackage.TestclassBase" name="dislikeEvent" time="0.0">
    <ignored/>
  </testcase> <!-- dislikeEvent -->
  <testcase classname="iPayedAppiumFramework.dummyPackage.TestclassBase" name="saveYourSpotAtEvent" time="0.0">
    <ignored/>
  </testcase> <!-- saveYourSpotAtEvent -->
  <testcase classname="iPayedAppiumFramework.dummyPackage.TestclassBase" name="likeEventAndCheckUpcomingEventCount" time="0.0">
    <ignored/>
  </testcase> <!-- likeEventAndCheckUpcomingEventCount -->
</testsuite> <!-- Default test(failed) -->
