<?xml version="1.0" encoding="UTF-8"?>
<!-- Generated by org.testng.reporters.JUnitXMLReporter -->
<testsuite ignored="0" hostname="MP-LAP069" failures="0" tests="6" name="Command line test" time="531.835" errors="0" timestamp="2020-05-19T16:00:39 IST">
  <testcase classname="iPayedAppiumFramework.dummyPackage.TestclassBase" name="saveYourSpotAtEvent" time="25.602"/>
  <testcase classname="iPayedAppiumFramework.dummyPackage.TestclassBase" name="likeEventAndCheckUpcomingEventCount" time="14.149"/>
  <testcase classname="iPayedAppiumFramework.dummyPackage.TestclassBase" name="bookmarkEventCheckUpcomingEventCount" time="69.377"/>
  <testcase classname="iPayedAppiumFramework.dummyPackage.TestclassBase" name="giveUpYourSpot" time="14.941"/>
  <testcase classname="iPayedAppiumFramework.dummyPackage.TestclassBase" name="dislikeEvent" time="13.873"/>
  <testcase classname="iPayedAppiumFramework.dummyPackage.TestclassBase" name="unbookMarkEvent" time="18.206"/>
</testsuite> <!-- Command line test -->
