<?xml version="1.0" encoding="UTF-8"?>
<!-- Generated by org.testng.reporters.JUnitXMLReporter -->
<testsuite hostname="MP-LAP069" failures="0" tests="6" name="Default test" time="522.767" errors="0" timestamp="19 May 2020 17:17:30 GMT">
  <testcase classname="iPayedAppiumFramework.dummyPackage.TestclassBase" name="saveYourSpotAtEvent" time="16.406"/>
  <testcase classname="iPayedAppiumFramework.dummyPackage.TestclassBase" name="likeEventAndCheckUpcomingEventCount" time="10.975"/>
  <testcase classname="iPayedAppiumFramework.dummyPackage.TestclassBase" name="bookmarkEventCheckUpcomingEventCount" time="68.585"/>
  <testcase classname="iPayedAppiumFramework.dummyPackage.TestclassBase" name="giveUpYourSpot" time="19.661"/>
  <testcase classname="iPayedAppiumFramework.dummyPackage.TestclassBase" name="dislikeEvent" time="13.444"/>
  <testcase classname="iPayedAppiumFramework.dummyPackage.TestclassBase" name="unbookMarkEvent" time="11.355"/>
</testsuite> <!-- Default test -->
