<?xml version="1.0" encoding="UTF-8"?>
<!-- Generated by org.testng.reporters.JUnitXMLReporter -->
<testsuite hostname="MP-LAP069" failures="0" tests="6" name="Test" time="540.99" errors="0" timestamp="20 May 2020 11:00:22 GMT">
  <testcase classname="iPayedAppiumFramework.dummyPackage.TestclassBase" name="@BeforeMethod userLogin" time="0.0">
    <failure type="java.lang.IndexOutOfBoundsException" message="Index 2 out of bounds for length 2">
      <![CDATA[java.lang.IndexOutOfBoundsException: Index 2 out of bounds for length 2
	at java.base/jdk.internal.util.Preconditions.outOfBounds(Preconditions.java:64)
	at java.base/jdk.internal.util.Preconditions.outOfBoundsCheckIndex(Preconditions.java:70)
	at java.base/jdk.internal.util.Preconditions.checkIndex(Preconditions.java:248)
	at java.base/java.util.Objects.checkIndex(Objects.java:372)
	at java.base/java.util.ArrayList.get(ArrayList.java:458)
	at io.appium.java_client.pagefactory.ElementListInterceptor.getObject(ElementListInterceptor.java:40)
	at io.appium.java_client.pagefactory.interceptors.InterceptorOfAListOfElements.intercept(InterceptorOfAListOfElements.java:49)
	at $java.util.ArrayList$$EnhancerByCGLIB$$b5855c01.get(<generated>)
	at iPayedAppiumFramework.pageObject.EnterPinPage.enterPin(EnterPinPage.java:32)
	at iPayedAppiumFramework.dummyPackage.TestclassBase.userLogin(TestclassBase.java:74)
... Removed 29 stack frames]]>
    </failure>
  </testcase> <!-- @BeforeMethod userLogin -->
  <testcase classname="iPayedAppiumFramework.dummyPackage.TestclassBase" name="@AfterMethod closeUp" time="0.0">
    <skipped/>
  </testcase> <!-- @AfterMethod closeUp -->
  <testcase classname="iPayedAppiumFramework.dummyPackage.TestclassBase" name="saveYourSpotAtEvent" time="20.019"/>
  <testcase classname="iPayedAppiumFramework.dummyPackage.TestclassBase" name="likeEventAndCheckUpcomingEventCount" time="13.474"/>
  <testcase classname="iPayedAppiumFramework.dummyPackage.TestclassBase" name="bookmarkEventCheckUpcomingEventCount" time="68.531"/>
  <testcase classname="iPayedAppiumFramework.dummyPackage.TestclassBase" name="giveUpYourSpot" time="17.47"/>
  <testcase classname="iPayedAppiumFramework.dummyPackage.TestclassBase" name="dislikeEvent" time="15.944"/>
  <testcase classname="iPayedAppiumFramework.dummyPackage.TestclassBase" name="unbookMarkEvent" time="0.001">
    <skipped/>
  </testcase> <!-- unbookMarkEvent -->
</testsuite> <!-- Test -->
