<?xml version="1.0" encoding="UTF-8" ?>
<testsuite tests="6" failures="0" name="iPayedAppiumFramework.dummyPackage.TestclassBase" time="156.134" errors="0" skipped="0">
  <properties>
[...]
</properties>
  <testcase classname="iPayedAppiumFramework.dummyPackage.TestclassBase" name="saveYourSpotAtEvent" time="25.602"/>
  <testcase classname="iPayedAppiumFramework.dummyPackage.TestclassBase" name="likeEventAndCheckUpcomingEventCount" time="14.145"/>
  <testcase classname="iPayedAppiumFramework.dummyPackage.TestclassBase" name="bookmarkEventCheckUpcomingEventCount" time="69.373"/>
  <testcase classname="iPayedAppiumFramework.dummyPackage.TestclassBase" name="giveUpYourSpot" time="14.94"/>
  <testcase classname="iPayedAppiumFramework.dummyPackage.TestclassBase" name="dislikeEvent" time="13.87"/>
  <testcase classname="iPayedAppiumFramework.dummyPackage.TestclassBase" name="unbookMarkEvent" time="18.204"/>
</testsuite>