<?xml version="1.0" encoding="UTF-8"?>
<testng-results ignored="0" total="6" passed="6" failed="0" skipped="0">
  <reporter-output>
  </reporter-output>
  <suite started-at="2020-05-19T15:51:47 IST" name="iPayedAppiumFramework.dummyPackage.TestclassBase" finished-at="2020-05-19T16:00:39 IST" duration-ms="531835">
    <groups>
    </groups>
    <test started-at="2020-05-19T15:51:47 IST" name="Command line test" finished-at="2020-05-19T16:00:39 IST" duration-ms="531835">
      <class name="iPayedAppiumFramework.dummyPackage.TestclassBase">
        <test-method is-config="true" signature="userLogin()[pri:0, instance:iPayedAppiumFramework.dummyPackage.TestclassBase@6cf0e0ba]" started-at="2020-05-19T15:51:47 IST" name="userLogin" finished-at="2020-05-19T15:52:52 IST" duration-ms="65265" status="PASS">
          <reporter-output>
          </reporter-output>
        </test-method> <!-- userLogin -->
        <test-method signature="saveYourSpotAtEvent()[pri:1, instance:iPayedAppiumFramework.dummyPackage.TestclassBase@6cf0e0ba]" started-at="2020-05-19T15:52:52 IST" name="saveYourSpotAtEvent" finished-at="2020-05-19T15:53:18 IST" duration-ms="25602" status="PASS">
          <reporter-output>
          </reporter-output>
        </test-method> <!-- saveYourSpotAtEvent -->
        <test-method is-config="true" signature="userLogin()[pri:0, instance:iPayedAppiumFramework.dummyPackage.TestclassBase@6cf0e0ba]" started-at="2020-05-19T15:53:18 IST" name="userLogin" finished-at="2020-05-19T15:54:22 IST" duration-ms="64172" status="PASS">
          <reporter-output>
          </reporter-output>
        </test-method> <!-- userLogin -->
        <test-method signature="likeEventAndCheckUpcomingEventCount()[pri:2, instance:iPayedAppiumFramework.dummyPackage.TestclassBase@6cf0e0ba]" started-at="2020-05-19T15:54:22 IST" name="likeEventAndCheckUpcomingEventCount" finished-at="2020-05-19T15:54:36 IST" duration-ms="14149" status="PASS">
          <reporter-output>
          </reporter-output>
        </test-method> <!-- likeEventAndCheckUpcomingEventCount -->
        <test-method is-config="true" signature="userLogin()[pri:0, instance:iPayedAppiumFramework.dummyPackage.TestclassBase@6cf0e0ba]" started-at="2020-05-19T15:54:36 IST" name="userLogin" finished-at="2020-05-19T15:55:39 IST" duration-ms="62900" status="PASS">
          <reporter-output>
          </reporter-output>
        </test-method> <!-- userLogin -->
        <test-method signature="bookmarkEventCheckUpcomingEventCount()[pri:3, instance:iPayedAppiumFramework.dummyPackage.TestclassBase@6cf0e0ba]" started-at="2020-05-19T15:55:39 IST" name="bookmarkEventCheckUpcomingEventCount" finished-at="2020-05-19T15:56:48 IST" duration-ms="69377" status="PASS">
          <reporter-output>
          </reporter-output>
        </test-method> <!-- bookmarkEventCheckUpcomingEventCount -->
        <test-method is-config="true" signature="userLogin()[pri:0, instance:iPayedAppiumFramework.dummyPackage.TestclassBase@6cf0e0ba]" started-at="2020-05-19T15:56:48 IST" name="userLogin" finished-at="2020-05-19T15:57:49 IST" duration-ms="60924" status="PASS">
          <reporter-output>
          </reporter-output>
        </test-method> <!-- userLogin -->
        <test-method signature="giveUpYourSpot()[pri:4, instance:iPayedAppiumFramework.dummyPackage.TestclassBase@6cf0e0ba]" started-at="2020-05-19T15:57:49 IST" name="giveUpYourSpot" finished-at="2020-05-19T15:58:04 IST" duration-ms="14941" status="PASS">
          <reporter-output>
          </reporter-output>
        </test-method> <!-- giveUpYourSpot -->
        <test-method is-config="true" signature="userLogin()[pri:0, instance:iPayedAppiumFramework.dummyPackage.TestclassBase@6cf0e0ba]" started-at="2020-05-19T15:58:04 IST" name="userLogin" finished-at="2020-05-19T15:59:06 IST" duration-ms="61404" status="PASS">
          <reporter-output>
          </reporter-output>
        </test-method> <!-- userLogin -->
        <test-method signature="dislikeEvent()[pri:5, instance:iPayedAppiumFramework.dummyPackage.TestclassBase@6cf0e0ba]" started-at="2020-05-19T15:59:06 IST" name="dislikeEvent" finished-at="2020-05-19T15:59:20 IST" duration-ms="13873" status="PASS">
          <reporter-output>
          </reporter-output>
        </test-method> <!-- dislikeEvent -->
        <test-method is-config="true" signature="userLogin()[pri:0, instance:iPayedAppiumFramework.dummyPackage.TestclassBase@6cf0e0ba]" started-at="2020-05-19T15:59:20 IST" name="userLogin" finished-at="2020-05-19T16:00:20 IST" duration-ms="60990" status="PASS">
          <reporter-output>
          </reporter-output>
        </test-method> <!-- userLogin -->
        <test-method signature="unbookMarkEvent()[pri:6, instance:iPayedAppiumFramework.dummyPackage.TestclassBase@6cf0e0ba]" started-at="2020-05-19T16:00:20 IST" name="unbookMarkEvent" finished-at="2020-05-19T16:00:39 IST" duration-ms="18206" status="PASS">
          <reporter-output>
          </reporter-output>
        </test-method> <!-- unbookMarkEvent -->
      </class> <!-- iPayedAppiumFramework.dummyPackage.TestclassBase -->
    </test> <!-- Command line test -->
  </suite> <!-- iPayedAppiumFramework.dummyPackage.TestclassBase -->
</testng-results>
